CRITICAL - 2023-05-22 02:39:16 --> Undefined variable $nama
in APPPATH\Views\home.php on line 46.
 1 APPPATH\Views\home.php(46): CodeIgniter\Debug\Exceptions->errorHandler(2, 'Undefined variable $nama', 'C:\\xamp\\htdocs\\codeigniter4-framework-v4.3.4-0-g5d3d4b2\\modul6\\app\\Views\\home.php', 46)
 2 SYSTEMPATH\View\View.php(213): include('C:\\xamp\\htdocs\\codeigniter4-framework-v4.3.4-0-g5d3d4b2\\modul6\\app\\Views\\home.php')
 3 SYSTEMPATH\View\View.php(216): CodeIgniter\View\View->CodeIgniter\View\{closure}()
 4 SYSTEMPATH\Common.php(1184): CodeIgniter\View\View->render('home', [], true)
 5 APPPATH\Controllers\Home.php(9): view('home')
 6 SYSTEMPATH\CodeIgniter.php(934): App\Controllers\Home->index()
 7 SYSTEMPATH\CodeIgniter.php(499): CodeIgniter\CodeIgniter->runController(Object(App\Controllers\Home))
 8 SYSTEMPATH\CodeIgniter.php(368): CodeIgniter\CodeIgniter->handleRequest(null, Object(Config\Cache), false)
 9 FCPATH\index.php(67): CodeIgniter\CodeIgniter->run()
10 SYSTEMPATH\Commands\Server\rewrite.php(47): require_once('C:\\xamp\\htdocs\\codeigniter4-framework-v4.3.4-0-g5d3d4b2\\modul6\\public\\index.php')
CRITICAL - 2023-05-22 03:32:22 --> Undefined variable $nama
in APPPATH\Views\home.php on line 46.
 1 APPPATH\Views\home.php(46): CodeIgniter\Debug\Exceptions->errorHandler(2, 'Undefined variable $nama', 'C:\\xamp\\htdocs\\codeigniter4-framework-v4.3.4-0-g5d3d4b2\\modul6\\app\\Views\\home.php', 46)
 2 SYSTEMPATH\View\View.php(213): include('C:\\xamp\\htdocs\\codeigniter4-framework-v4.3.4-0-g5d3d4b2\\modul6\\app\\Views\\home.php')
 3 SYSTEMPATH\View\View.php(216): CodeIgniter\View\View->CodeIgniter\View\{closure}()
 4 SYSTEMPATH\Common.php(1184): CodeIgniter\View\View->render('home', [], true)
 5 APPPATH\Controllers\Home.php(9): view('home')
 6 SYSTEMPATH\CodeIgniter.php(934): App\Controllers\Home->index()
 7 SYSTEMPATH\CodeIgniter.php(499): CodeIgniter\CodeIgniter->runController(Object(App\Controllers\Home))
 8 SYSTEMPATH\CodeIgniter.php(368): CodeIgniter\CodeIgniter->handleRequest(null, Object(Config\Cache), false)
 9 FCPATH\index.php(67): CodeIgniter\CodeIgniter->run()
10 SYSTEMPATH\Commands\Server\rewrite.php(47): require_once('C:\\xamp\\htdocs\\codeigniter4-framework-v4.3.4-0-g5d3d4b2\\modul6\\public\\index.php')
CRITICAL - 2023-05-22 03:39:04 --> Undefined variable $nama
in APPPATH\Views\home.php on line 46.
 1 APPPATH\Views\home.php(46): CodeIgniter\Debug\Exceptions->errorHandler(2, 'Undefined variable $nama', 'C:\\xamp\\htdocs\\codeigniter4-framework-v4.3.4-0-g5d3d4b2\\modul6\\app\\Views\\home.php', 46)
 2 SYSTEMPATH\View\View.php(213): include('C:\\xamp\\htdocs\\codeigniter4-framework-v4.3.4-0-g5d3d4b2\\modul6\\app\\Views\\home.php')
 3 SYSTEMPATH\View\View.php(216): CodeIgniter\View\View->CodeIgniter\View\{closure}()
 4 SYSTEMPATH\Common.php(1184): CodeIgniter\View\View->render('home', [], true)
 5 APPPATH\Controllers\Home.php(9): view('home')
 6 SYSTEMPATH\CodeIgniter.php(934): App\Controllers\Home->index()
 7 SYSTEMPATH\CodeIgniter.php(499): CodeIgniter\CodeIgniter->runController(Object(App\Controllers\Home))
 8 SYSTEMPATH\CodeIgniter.php(368): CodeIgniter\CodeIgniter->handleRequest(null, Object(Config\Cache), false)
 9 FCPATH\index.php(67): CodeIgniter\CodeIgniter->run()
10 SYSTEMPATH\Commands\Server\rewrite.php(47): require_once('C:\\xamp\\htdocs\\codeigniter4-framework-v4.3.4-0-g5d3d4b2\\modul6\\public\\index.php')
CRITICAL - 2023-05-22 03:39:09 --> Undefined variable $nama
in APPPATH\Views\home.php on line 46.
 1 APPPATH\Views\home.php(46): CodeIgniter\Debug\Exceptions->errorHandler(2, 'Undefined variable $nama', 'C:\\xamp\\htdocs\\codeigniter4-framework-v4.3.4-0-g5d3d4b2\\modul6\\app\\Views\\home.php', 46)
 2 SYSTEMPATH\View\View.php(213): include('C:\\xamp\\htdocs\\codeigniter4-framework-v4.3.4-0-g5d3d4b2\\modul6\\app\\Views\\home.php')
 3 SYSTEMPATH\View\View.php(216): CodeIgniter\View\View->CodeIgniter\View\{closure}()
 4 SYSTEMPATH\Common.php(1184): CodeIgniter\View\View->render('home', [], true)
 5 APPPATH\Controllers\Home.php(9): view('home')
 6 SYSTEMPATH\CodeIgniter.php(934): App\Controllers\Home->index()
 7 SYSTEMPATH\CodeIgniter.php(499): CodeIgniter\CodeIgniter->runController(Object(App\Controllers\Home))
 8 SYSTEMPATH\CodeIgniter.php(368): CodeIgniter\CodeIgniter->handleRequest(null, Object(Config\Cache), false)
 9 FCPATH\index.php(67): CodeIgniter\CodeIgniter->run()
10 SYSTEMPATH\Commands\Server\rewrite.php(47): require_once('C:\\xamp\\htdocs\\codeigniter4-framework-v4.3.4-0-g5d3d4b2\\modul6\\public\\index.php')
CRITICAL - 2023-05-22 03:42:36 --> Undefined variable $nama
in APPPATH\Views\home.php on line 46.
 1 APPPATH\Views\home.php(46): CodeIgniter\Debug\Exceptions->errorHandler(2, 'Undefined variable $nama', 'C:\\xamp\\htdocs\\codeigniter4-framework-v4.3.4-0-g5d3d4b2\\modul6\\app\\Views\\home.php', 46)
 2 SYSTEMPATH\View\View.php(213): include('C:\\xamp\\htdocs\\codeigniter4-framework-v4.3.4-0-g5d3d4b2\\modul6\\app\\Views\\home.php')
 3 SYSTEMPATH\View\View.php(216): CodeIgniter\View\View->CodeIgniter\View\{closure}()
 4 SYSTEMPATH\Common.php(1184): CodeIgniter\View\View->render('home', [], true)
 5 APPPATH\Controllers\Home.php(9): view('home')
 6 SYSTEMPATH\CodeIgniter.php(934): App\Controllers\Home->index()
 7 SYSTEMPATH\CodeIgniter.php(499): CodeIgniter\CodeIgniter->runController(Object(App\Controllers\Home))
 8 SYSTEMPATH\CodeIgniter.php(368): CodeIgniter\CodeIgniter->handleRequest(null, Object(Config\Cache), false)
 9 FCPATH\index.php(67): CodeIgniter\CodeIgniter->run()
10 SYSTEMPATH\Commands\Server\rewrite.php(47): require_once('C:\\xamp\\htdocs\\codeigniter4-framework-v4.3.4-0-g5d3d4b2\\modul6\\public\\index.php')
CRITICAL - 2023-05-22 03:47:48 --> Undefined variable $nama
in APPPATH\Views\home.php on line 46.
 1 APPPATH\Views\home.php(46): CodeIgniter\Debug\Exceptions->errorHandler(2, 'Undefined variable $nama', 'C:\\xamp\\htdocs\\codeigniter4-framework-v4.3.4-0-g5d3d4b2\\modul6\\app\\Views\\home.php', 46)
 2 SYSTEMPATH\View\View.php(213): include('C:\\xamp\\htdocs\\codeigniter4-framework-v4.3.4-0-g5d3d4b2\\modul6\\app\\Views\\home.php')
 3 SYSTEMPATH\View\View.php(216): CodeIgniter\View\View->CodeIgniter\View\{closure}()
 4 SYSTEMPATH\Common.php(1184): CodeIgniter\View\View->render('home', [], true)
 5 APPPATH\Controllers\Home.php(9): view('home')
 6 SYSTEMPATH\CodeIgniter.php(934): App\Controllers\Home->index()
 7 SYSTEMPATH\CodeIgniter.php(499): CodeIgniter\CodeIgniter->runController(Object(App\Controllers\Home))
 8 SYSTEMPATH\CodeIgniter.php(368): CodeIgniter\CodeIgniter->handleRequest(null, Object(Config\Cache), false)
 9 FCPATH\index.php(67): CodeIgniter\CodeIgniter->run()
10 SYSTEMPATH\Commands\Server\rewrite.php(47): require_once('C:\\xamp\\htdocs\\codeigniter4-framework-v4.3.4-0-g5d3d4b2\\modul6\\public\\index.php')
